TN:
SF:src/modificacion/ejercicio1.ts
FN:26,(anonymous_0)
FN:36,(anonymous_1)
FN:49,(anonymous_2)
FN:67,(anonymous_3)
FN:85,(anonymous_4)
FN:97,(anonymous_5)
FN:114,(anonymous_6)
FN:126,(anonymous_7)
FN:143,(anonymous_8)
FN:155,(anonymous_9)
FN:172,(anonymous_10)
FN:184,(anonymous_11)
FNF:12
FNH:11
FNDA:12,(anonymous_0)
FNDA:4,(anonymous_1)
FNDA:4,(anonymous_2)
FNDA:0,(anonymous_3)
FNDA:1,(anonymous_4)
FNDA:1,(anonymous_5)
FNDA:1,(anonymous_6)
FNDA:1,(anonymous_7)
FNDA:1,(anonymous_8)
FNDA:1,(anonymous_9)
FNDA:1,(anonymous_10)
FNDA:1,(anonymous_11)
DA:16,1
DA:27,12
DA:37,4
DA:38,4
DA:39,4
DA:40,4
DA:50,4
DA:51,4
DA:52,20
DA:54,4
DA:55,4
DA:78,1
DA:86,1
DA:87,1
DA:88,4
DA:90,1
DA:98,1
DA:99,1
DA:107,1
DA:115,1
DA:116,1
DA:117,4
DA:119,1
DA:127,1
DA:128,1
DA:136,1
DA:144,1
DA:145,1
DA:146,4
DA:148,1
DA:156,1
DA:157,1
DA:165,1
DA:173,1
DA:174,1
DA:175,4
DA:177,1
DA:185,1
DA:186,1
LF:39
LH:39
BRF:0
BRH:0
end_of_record
