TN:
SF:src/modificacion/addMapReduce.ts
FN:14,myReduce
FN:26,print
FNF:2
FNH:2
FNDA:1,myReduce
FNDA:1,print
DA:1,1
DA:2,1
DA:3,1
DA:4,1
DA:5,1
DA:6,1
DA:7,1
DA:8,1
DA:9,1
DA:10,1
DA:11,1
DA:12,1
DA:13,1
DA:14,1
DA:15,1
DA:16,1
DA:17,4
DA:18,4
DA:19,1
DA:20,1
DA:21,1
DA:22,1
DA:23,1
DA:24,1
DA:25,1
DA:26,1
DA:27,1
DA:28,1
DA:29,1
DA:30,1
LF:30
LH:30
BRDA:14,0,0,1
BRDA:16,1,0,4
BRDA:26,2,0,1
BRF:3
BRH:3
end_of_record
TN:
SF:src/modificacion/divMapReduce.ts
FN:15,myReduce
FN:27,print
FNF:2
FNH:2
FNDA:1,myReduce
FNDA:1,print
DA:1,1
DA:2,1
DA:3,1
DA:4,1
DA:5,1
DA:6,1
DA:7,1
DA:8,1
DA:9,1
DA:10,1
DA:11,1
DA:12,1
DA:13,1
DA:14,1
DA:15,1
DA:16,1
DA:17,1
DA:18,4
DA:19,4
DA:20,1
DA:21,1
DA:22,1
DA:23,1
DA:24,1
DA:25,1
DA:26,1
DA:27,1
DA:28,1
DA:29,1
DA:30,1
DA:31,1
LF:31
LH:31
BRDA:15,0,0,1
BRDA:17,1,0,4
BRDA:27,2,0,1
BRF:3
BRH:3
end_of_record
TN:
SF:src/modificacion/myMapReduce.ts
FN:26,MyMapReduce
FN:36,run
FN:49,myMap
FNF:3
FNH:3
FNDA:12,MyMapReduce
FNDA:4,run
FNDA:4,myMap
DA:1,1
DA:2,1
DA:3,1
DA:4,1
DA:5,1
DA:6,1
DA:7,1
DA:8,1
DA:9,1
DA:10,1
DA:11,1
DA:12,1
DA:13,1
DA:14,1
DA:15,1
DA:16,1
DA:17,1
DA:18,1
DA:19,1
DA:20,1
DA:21,1
DA:22,1
DA:23,1
DA:24,1
DA:25,1
DA:26,1
DA:27,12
DA:28,12
DA:29,1
DA:30,1
DA:31,1
DA:32,1
DA:33,1
DA:34,1
DA:35,1
DA:36,1
DA:37,4
DA:38,4
DA:39,4
DA:40,4
DA:41,4
DA:42,1
DA:43,1
DA:44,1
DA:45,1
DA:46,1
DA:47,1
DA:48,1
DA:49,1
DA:50,4
DA:51,4
DA:52,20
DA:53,20
DA:54,4
DA:55,4
DA:56,4
DA:57,1
DA:58,1
DA:59,1
DA:60,1
DA:61,1
DA:62,1
DA:63,1
DA:64,1
DA:65,1
DA:66,1
DA:67,1
DA:68,1
DA:69,1
LF:69
LH:69
BRDA:26,0,0,12
BRDA:36,1,0,4
BRDA:49,2,0,4
BRDA:51,3,0,20
BRF:4
BRH:4
end_of_record
TN:
SF:src/modificacion/prodMapReduce.ts
FN:14,myReduce
FN:26,print
FNF:2
FNH:2
FNDA:1,myReduce
FNDA:1,print
DA:1,1
DA:2,1
DA:3,1
DA:4,1
DA:5,1
DA:6,1
DA:7,1
DA:8,1
DA:9,1
DA:10,1
DA:11,1
DA:12,1
DA:13,1
DA:14,1
DA:15,1
DA:16,1
DA:17,4
DA:18,4
DA:19,1
DA:20,1
DA:21,1
DA:22,1
DA:23,1
DA:24,1
DA:25,1
DA:26,1
DA:27,1
DA:28,1
DA:29,1
DA:30,1
LF:30
LH:30
BRDA:14,0,0,1
BRDA:16,1,0,4
BRDA:26,2,0,1
BRF:3
BRH:3
end_of_record
TN:
SF:src/modificacion/subMapReduce.ts
FN:14,myReduce
FN:26,print
FNF:2
FNH:2
FNDA:1,myReduce
FNDA:1,print
DA:1,1
DA:2,1
DA:3,1
DA:4,1
DA:5,1
DA:6,1
DA:7,1
DA:8,1
DA:9,1
DA:10,1
DA:11,1
DA:12,1
DA:13,1
DA:14,1
DA:15,1
DA:16,1
DA:17,4
DA:18,4
DA:19,1
DA:20,1
DA:21,1
DA:22,1
DA:23,1
DA:24,1
DA:25,1
DA:26,1
DA:27,1
DA:28,1
DA:29,1
DA:30,1
LF:30
LH:30
BRDA:14,0,0,1
BRDA:16,1,0,4
BRDA:26,2,0,1
BRF:3
BRH:3
end_of_record
